<?xml version="1.0" encoding="UTF-8" ?>
<testsuite tests="27" failures="0" name="portal.PortalTest" time="226.075" errors="0" skipped="7">
  <properties>
    <property name="java.runtime.name" value="Java(TM) SE Runtime Environment"/>
    <property name="java.vm.version" value="13.0.1+9"/>
    <property name="sun.boot.library.path" value="C:\Program Files\Java\jdk-13.0.1\bin"/>
    <property name="user.country.format" value="RS"/>
    <property name="maven.multiModuleProjectDirectory" value="C:\Users\Zeljko\Desktop\Workspace\DomaciBrzeVestiUI"/>
    <property name="java.vm.vendor" value="Oracle Corporation"/>
    <property name="java.vendor.url" value="https://java.oracle.com/"/>
    <property name="guice.disable.misplaced.annotation.check" value="true"/>
    <property name="path.separator" value=";"/>
    <property name="java.vm.name" value="Java HotSpot(TM) 64-Bit Server VM"/>
    <property name="sun.os.patch.level" value="Service Pack 1"/>
    <property name="user.script" value=""/>
    <property name="user.country" value="US"/>
    <property name="sun.java.launcher" value="SUN_STANDARD"/>
    <property name="test" value="portal.PortalTest"/>
    <property name="java.vm.specification.name" value="Java Virtual Machine Specification"/>
    <property name="user.dir" value="C:\Users\Zeljko\Desktop\Workspace\DomaciBrzeVestiUI"/>
    <property name="java.vm.compressedOopsMode" value="Zero based"/>
    <property name="java.runtime.version" value="13.0.1+9"/>
    <property name="user.script.format" value="Latn"/>
    <property name="os.arch" value="amd64"/>
    <property name="java.io.tmpdir" value="C:\Users\Zeljko\AppData\Local\Temp\"/>
    <property name="line.separator" value="
"/>
    <property name="java.vm.specification.vendor" value="Oracle Corporation"/>
    <property name="user.variant" value=""/>
    <property name="os.name" value="Windows 7"/>
    <property name="maven.ext.class.path" value="C:\Program Files\NetBeans-11.1\netbeans\java\maven-nblib\netbeans-eventspy.jar"/>
    <property name="classworlds.conf" value="C:\Program Files\NetBeans-11.1\netbeans\java\maven\bin\m2.conf"/>
    <property name="sun.jnu.encoding" value="Cp1250"/>
    <property name="java.library.path" value="C:\Program Files\Java\jdk-13.0.1\bin;C:\Windows\Sun\Java\bin;C:\Windows\system32;C:\Windows;C:\Program Files (x86)\Common Files\Oracle\Java\javapath;C:\ProgramData\Oracle\Java\javapath;C:\Program Files\Broadcom\Broadcom 802.11;C:\Windows\system32;C:\Windows;C:\Windows\System32\Wbem;C:\Windows\System32\WindowsPowerShell\v1.0\;C:\Program Files (x86)\ATI Technologies\ATI.ACE\Core-Static;C:\Program Files (x86)\Microsoft SQL Server\100\Tools\Binn\;C:\Program Files\Microsoft SQL Server\100\Tools\Binn\;C:\Program Files\Microsoft SQL Server\100\DTS\Binn\;C:\Program Files (x86)\Microsoft SQL Server\100\Tools\Binn\VSShell\Common7\IDE\;C:\Program Files (x86)\Microsoft SQL Server\100\DTS\Binn\;C:\Program Files (x86)\Gemalto\Classic Client\BIN;C:\Program Files\Gemalto\Classic Client\BIN;C:\Program Files (x86)\HP\IdrsOCR_15.2.10.1114\;C:\Program Files (x86)\Java\jre1.8.0_231\bin;C:\Program Files\Git\cmd;."/>
    <property name="jdk.debug" value="release"/>
    <property name="java.class.version" value="57.0"/>
    <property name="java.specification.name" value="Java Platform API Specification"/>
    <property name="sun.management.compiler" value="HotSpot 64-Bit Tiered Compilers"/>
    <property name="os.version" value="6.1"/>
    <property name="user.home" value="C:\Users\Zeljko"/>
    <property name="user.timezone" value="Europe/Budapest"/>
    <property name="file.encoding" value="UTF-8"/>
    <property name="java.specification.version" value="13"/>
    <property name="user.name" value="Zeljko"/>
    <property name="java.class.path" value="C:\Program Files\NetBeans-11.1\netbeans\java\maven\boot\plexus-classworlds-2.5.2.jar"/>
    <property name="java.vm.specification.version" value="13"/>
    <property name="sun.arch.data.model" value="64"/>
    <property name="sun.java.command" value="org.codehaus.plexus.classworlds.launcher.Launcher -Dtest=portal.PortalTest -Dmaven.ext.class.path=C:\Program Files\NetBeans-11.1\netbeans\java\maven-nblib\netbeans-eventspy.jar -Dfile.encoding=UTF-8 surefire:test"/>
    <property name="java.home" value="C:\Program Files\Java\jdk-13.0.1"/>
    <property name="user.language" value="en"/>
    <property name="java.specification.vendor" value="Oracle Corporation"/>
    <property name="user.language.format" value="sr"/>
    <property name="java.vm.info" value="mixed mode, sharing"/>
    <property name="java.version" value="13.0.1"/>
    <property name="java.vendor" value="Oracle Corporation"/>
    <property name="maven.home" value="C:\Program Files\NetBeans-11.1\netbeans\java\maven"/>
    <property name="file.separator" value="\"/>
    <property name="java.version.date" value="2019-10-15"/>
    <property name="java.vendor.url.bug" value="https://bugreport.java.com/bugreport/"/>
    <property name="sun.io.unicode.encoding" value="UnicodeLittle"/>
    <property name="sun.cpu.endian" value="little"/>
    <property name="sun.cpu.isalist" value="amd64"/>
  </properties>
  <testcase classname="portal.PortalTest" name="testBrzeVestiLink" time="11.166"/>
  <testcase classname="portal.PortalTest" name="testDashboardLink" time="8.044"/>
  <testcase classname="portal.PortalTest" name="testSignaturesLink" time="7.584"/>
  <testcase classname="portal.PortalTest" name="testCategoriesLink" time="7.512"/>
  <testcase classname="portal.PortalTest" name="testRegionsLink" time="7.078"/>
  <testcase classname="portal.PortalTest" name="testPortalsLink" time="6.999"/>
  <testcase classname="portal.PortalTest" name="testSourcesLink" time="7.318"/>
  <testcase classname="portal.PortalTest" name="testLogoutLink" time="7.668"/>
  <testcase classname="portal.PortalTest" name="testAddNewPortal" time="8.415"/>
  <testcase classname="portal.PortalTest" name="testReorderFirstPortal" time="10.166"/>
  <testcase classname="portal.PortalTest" name="testReorderRandomPortal" time="11.513"/>
  <testcase classname="portal.PortalTest" name="testEditFirstPortal" time="8.451"/>
  <testcase classname="portal.PortalTest" name="testEditBTPFirstPortal" time="8.855"/>
  <testcase classname="portal.PortalTest" name="testEditRandomPortal" time="9.385"/>
  <testcase classname="portal.PortalTest" name="testEditBTRRandomRegion" time="10.195"/>
  <testcase classname="portal.PortalTest" name="testEnableFirstPortal" time="6.838">
    <skipped/>
    <system-err>Starting ChromeDriver 80.0.3987.106 (f68069574609230cf9b635cd784cfb1bf81bb53a-refs/branch-heads/3987@{#882}) on port 18816
Only local connections are allowed.
Please protect ports used by ChromeDriver and related test frameworks to prevent access by malicious code.
[1587901465.393][WARNING]: This version of ChromeDriver has not been tested with Chrome version 81.
apr 26, 2020 1:44:26 PO PODNE org.openqa.selenium.remote.ProtocolHandshake createSession
INFO: Detected dialect: W3C
[1587901466.865][SEVERE]: Timed out receiving message from renderer: 0.100
[1587901466.965][SEVERE]: Timed out receiving message from renderer: 0.100
[1587901467.067][SEVERE]: Timed out receiving message from renderer: 0.100
</system-err>
  </testcase>
  <testcase classname="portal.PortalTest" name="testCloseEnableFirstPortal" time="6.559">
    <skipped/>
    <system-err>Starting ChromeDriver 80.0.3987.106 (f68069574609230cf9b635cd784cfb1bf81bb53a-refs/branch-heads/3987@{#882}) on port 4603
Only local connections are allowed.
Please protect ports used by ChromeDriver and related test frameworks to prevent access by malicious code.
[1587901472.228][WARNING]: This version of ChromeDriver has not been tested with Chrome version 81.
apr 26, 2020 1:44:33 PO PODNE org.openqa.selenium.remote.ProtocolHandshake createSession
INFO: Detected dialect: W3C
[1587901473.666][SEVERE]: Timed out receiving message from renderer: 0.100
[1587901473.767][SEVERE]: Timed out receiving message from renderer: 0.100
[1587901473.868][SEVERE]: Timed out receiving message from renderer: 0.100
[1587901476.458][SEVERE]: Timed out receiving message from renderer: 0.100
</system-err>
  </testcase>
  <testcase classname="portal.PortalTest" name="testEnableRandomPortal" time="6.58">
    <skipped/>
    <system-err>Starting ChromeDriver 80.0.3987.106 (f68069574609230cf9b635cd784cfb1bf81bb53a-refs/branch-heads/3987@{#882}) on port 4353
Only local connections are allowed.
Please protect ports used by ChromeDriver and related test frameworks to prevent access by malicious code.
[1587901478.790][WARNING]: This version of ChromeDriver has not been tested with Chrome version 81.
apr 26, 2020 1:44:39 PO PODNE org.openqa.selenium.remote.ProtocolHandshake createSession
INFO: Detected dialect: W3C
[1587901480.382][SEVERE]: Timed out receiving message from renderer: 0.100
[1587901480.486][SEVERE]: Timed out receiving message from renderer: 0.100
[1587901480.588][SEVERE]: Timed out receiving message from renderer: 0.100
[1587901483.095][SEVERE]: Timed out receiving message from renderer: 0.100
</system-err>
  </testcase>
  <testcase classname="portal.PortalTest" name="testCloseEnableRandomPortal" time="8.76">
    <skipped/>
    <system-err>Starting ChromeDriver 80.0.3987.106 (f68069574609230cf9b635cd784cfb1bf81bb53a-refs/branch-heads/3987@{#882}) on port 17034
Only local connections are allowed.
Please protect ports used by ChromeDriver and related test frameworks to prevent access by malicious code.
[1587901485.379][WARNING]: This version of ChromeDriver has not been tested with Chrome version 81.
apr 26, 2020 1:44:46 PO PODNE org.openqa.selenium.remote.ProtocolHandshake createSession
INFO: Detected dialect: W3C
[1587901488.658][SEVERE]: Timed out receiving message from renderer: 0.100
[1587901488.760][SEVERE]: Timed out receiving message from renderer: 0.100
[1587901488.888][SEVERE]: Timed out receiving message from renderer: 0.100
[1587901491.569][SEVERE]: Timed out receiving message from renderer: 0.100
[1587901491.687][SEVERE]: Timed out receiving message from renderer: 0.100
</system-err>
  </testcase>
  <testcase classname="portal.PortalTest" name="testDisableFirstPortal" time="10.191"/>
  <testcase classname="portal.PortalTest" name="testCloseDisableFirstPortal" time="8.716">
    <skipped/>
    <system-err>Starting ChromeDriver 80.0.3987.106 (f68069574609230cf9b635cd784cfb1bf81bb53a-refs/branch-heads/3987@{#882}) on port 46951
Only local connections are allowed.
Please protect ports used by ChromeDriver and related test frameworks to prevent access by malicious code.
[1587901504.368][WARNING]: This version of ChromeDriver has not been tested with Chrome version 81.
apr 26, 2020 1:45:05 PO PODNE org.openqa.selenium.remote.ProtocolHandshake createSession
INFO: Detected dialect: W3C
[1587901507.761][SEVERE]: Timed out receiving message from renderer: 0.100
[1587901507.862][SEVERE]: Timed out receiving message from renderer: 0.100
[1587901507.963][SEVERE]: Timed out receiving message from renderer: 0.100
[1587901508.198][SEVERE]: Timed out receiving message from renderer: 0.100
[1587901510.709][SEVERE]: Timed out receiving message from renderer: 0.100
</system-err>
  </testcase>
  <testcase classname="portal.PortalTest" name="testDisableRandomPortal" time="7.139">
    <skipped/>
    <system-err>Starting ChromeDriver 80.0.3987.106 (f68069574609230cf9b635cd784cfb1bf81bb53a-refs/branch-heads/3987@{#882}) on port 5512
Only local connections are allowed.
Please protect ports used by ChromeDriver and related test frameworks to prevent access by malicious code.
[1587901513.073][WARNING]: This version of ChromeDriver has not been tested with Chrome version 81.
apr 26, 2020 1:45:14 PO PODNE org.openqa.selenium.remote.ProtocolHandshake createSession
INFO: Detected dialect: W3C
[1587901514.829][SEVERE]: Timed out receiving message from renderer: 0.100
[1587901514.947][SEVERE]: Timed out receiving message from renderer: 0.100
[1587901515.191][SEVERE]: Timed out receiving message from renderer: 0.100
[1587901517.827][SEVERE]: Timed out receiving message from renderer: 0.100
</system-err>
  </testcase>
  <testcase classname="portal.PortalTest" name="testCloseDisableRandomPortal" time="6.637">
    <skipped/>
    <system-err>Starting ChromeDriver 80.0.3987.106 (f68069574609230cf9b635cd784cfb1bf81bb53a-refs/branch-heads/3987@{#882}) on port 22347
Only local connections are allowed.
Please protect ports used by ChromeDriver and related test frameworks to prevent access by malicious code.
[1587901520.200][WARNING]: This version of ChromeDriver has not been tested with Chrome version 81.
apr 26, 2020 1:45:21 PO PODNE org.openqa.selenium.remote.ProtocolHandshake createSession
INFO: Detected dialect: W3C
[1587901521.647][SEVERE]: Timed out receiving message from renderer: 0.100
[1587901521.748][SEVERE]: Timed out receiving message from renderer: 0.100
[1587901524.426][SEVERE]: Timed out receiving message from renderer: 0.100
</system-err>
  </testcase>
  <testcase classname="portal.PortalTest" name="testDeleteFirstPortal" time="8.035"/>
  <testcase classname="portal.PortalTest" name="testCloseDeleteFirstPortal" time="8.537"/>
  <testcase classname="portal.PortalTest" name="testDeleteRandomPortal" time="10.272"/>
  <testcase classname="portal.PortalTest" name="testCloseDeleteRandomPortal" time="7.462"/>
</testsuite>